

HI-TECH Software PIC LITE Macro Assembler V9.71a build 6446 
                                                                                               Tue Jan 03 13:25:02 2023

HI-TECH Software Omniscient Code Generator (Lite mode) build 6446
     1  0000                     opt subtitle "HI-TECH Software Omniscient Code Generator (Lite mode) build 6446"
     2                           
     3                           opt pagewidth 120
     4                           
     5                           	opt lm
     6                           
     7                           	processor	16F877A
     8                           clrc	macro
     9                           	bcf	3,0
    10  0000                     	endm
    11                           clrz	macro
    12                           	bcf	3,2
    13  0000                     	endm
    14                           setc	macro
    15                           	bsf	3,0
    16  0000                     	endm
    17                           setz	macro
    18                           	bsf	3,2
    19  0000                     	endm
    20                           skipc	macro
    21                           	btfss	3,0
    22  0000                     	endm
    23                           skipz	macro
    24                           	btfss	3,2
    25  0000                     	endm
    26                           skipnc	macro
    27                           	btfsc	3,0
    28  0000                     	endm
    29                           skipnz	macro
    30                           	btfsc	3,2
    31  0000                     	endm
    32  0000                     indf	equ	0
    33  0000                     indf0	equ	0
    34  0002                     pc	equ	2
    35  0002                     pcl	equ	2
    36  0003                     status	equ	3
    37  0004                     fsr	equ	4
    38  0004                     fsr0	equ	4
    39  0001                     c	equ	1
    40  0000                     z	equ	0
    41  000A                     pclath	equ	10
    42                           # 2 "C:\Users\sreya\Desktop\embeded\LCD dsp for loop\lcd dsp for loop.c"
    43                           	psect config,class=CONFIG,delta=2 ;#
    44                           # 2 "C:\Users\sreya\Desktop\embeded\LCD dsp for loop\lcd dsp for loop.c"
    45  2007  3F72               	dw 0x3F72 ;#
    46                           	FNCALL	_main,_initial
    47                           	FNCALL	_main,_command
    48                           	FNCALL	_main,_data
    49                           	FNCALL	_initial,_command
    50                           	FNROOT	_main
    51                           	global	main@F519
    52                           	global	main@F522
    53                           psect	idataBANK0,class=CODE,space=0,delta=2
    54                           global __pidataBANK0
    55  0727                     __pidataBANK0:
    56                           	file	"C:\Users\sreya\Desktop\embeded\LCD dsp for loop\lcd dsp for loop.c"
    57                           	line	37
    58                           
    59                           ;initializer for main@F519
    60  0727  3420               	retlw	020h
    61  0728  3445               	retlw	045h
    62  0729  3443               	retlw	043h
    63  072A  3445               	retlw	045h
    64  072B  3420               	retlw	020h
    65  072C  3444               	retlw	044h
    66  072D  3445               	retlw	045h
    67  072E  3450               	retlw	050h
    68  072F  3441               	retlw	041h
    69  0730  3452               	retlw	052h
    70  0731  3454               	retlw	054h
    71  0732  344D               	retlw	04Dh
    72  0733  3445               	retlw	045h
    73  0734  344E               	retlw	04Eh
    74  0735  3454               	retlw	054h
    75  0736  3420               	retlw	020h
    76  0737  3400               	retlw	0
    77                           	line	43
    78                           
    79                           ;initializer for main@F522
    80  0738  3420               	retlw	020h
    81  0739  3420               	retlw	020h
    82  073A  3420               	retlw	020h
    83  073B  3450               	retlw	050h
    84  073C  3441               	retlw	041h
    85  073D  344E               	retlw	04Eh
    86  073E  3449               	retlw	049h
    87  073F  344D               	retlw	04Dh
    88  0740  3441               	retlw	041h
    89  0741  344C               	retlw	04Ch
    90  0742  3441               	retlw	041h
    91  0743  3452               	retlw	052h
    92  0744  3420               	retlw	020h
    93  0745  3420               	retlw	020h
    94  0746  3420               	retlw	020h
    95  0747  3400               	retlw	0
    96                           	global	_PORTD
    97  0008                     _PORTD	set	8
    98                           	global	_RC0
    99  0038                     _RC0	set	56
   100                           	global	_RC1
   101  0039                     _RC1	set	57
   102                           	global	_RC2
   103  003A                     _RC2	set	58
   104                           	global	_TRISC
   105  0087                     _TRISC	set	135
   106                           	global	_TRISD
   107  0088                     _TRISD	set	136
   108                           	file	"lcd dsp for loop.as"
   109                           	line	#
   110                           psect cinit,class=CODE,delta=2
   111                           global start_initialization
   112  06D6                     start_initialization:
   113                           
   114                           psect	dataBANK0,class=BANK0,space=1
   115                           global __pdataBANK0
   116  0045                     __pdataBANK0:
   117                           	file	"C:\Users\sreya\Desktop\embeded\LCD dsp for loop\lcd dsp for loop.c"
   118                           	line	37
   119  0045                     main@F519:
   120  0045                            ds      17
   121                           
   122                           psect	dataBANK0
   123                           	file	"C:\Users\sreya\Desktop\embeded\LCD dsp for loop\lcd dsp for loop.c"
   124                           	line	43
   125  0056                     main@F522:
   126  0056                            ds      16
   127                           
   128                           global btemp
   129                           psect inittext,class=CODE,delta=2
   130                           global init_fetch,btemp
   131                           ;	Called with low address in FSR and high address in W
   132  06C5                     init_fetch:
   133  06C5  087E               	movf btemp,w
   134  06C6  008A               	movwf pclath
   135  06C7  087F               	movf btemp+1,w
   136  06C8  0082               	movwf pc
   137                           global init_ram
   138                           ;Called with:
   139                           ;	high address of idata address in btemp 
   140                           ;	low address of idata address in btemp+1 
   141                           ;	low address of data in FSR
   142                           ;	high address + 1 of data in btemp-1
   143  06C9                     init_ram:
   144  06C9  26C5  120A  118A   	fcall init_fetch
   145  06CC  0080               	movwf indf,f
   146  06CD  0A84               	incf fsr,f
   147  06CE  0804               	movf fsr,w
   148  06CF  067D               	xorwf btemp-1,w
   149  06D0  1903               	btfsc status,2
   150  06D1  3400               	retlw 0
   151  06D2  0AFF               	incf btemp+1,f
   152  06D3  1903               	btfsc status,2
   153  06D4  0AFE               	incf btemp,f
   154  06D5  2EC9               	goto init_ram
   155                           ; Initialize objects allocated to BANK0
   156                           psect cinit,class=CODE,delta=2
   157                           global init_ram, __pidataBANK0
   158  06D6  1383               	bcf	status, 7	;select IRP bank0
   159  06D7  3066               	movlw low(__pdataBANK0+33)
   160  06D8  00FD               	movwf btemp-1,f
   161  06D9  3007               	movlw high(__pidataBANK0)
   162  06DA  00FE               	movwf btemp,f
   163  06DB  3027               	movlw low(__pidataBANK0)
   164  06DC  00FF               	movwf btemp+1,f
   165  06DD  3045               	movlw low(__pdataBANK0)
   166  06DE  0084               	movwf fsr,f
   167  06DF  120A  118A  26C9   	fcall init_ram
              120A  118A         
   168                           psect cinit,class=CODE,delta=2
   169                           global end_of_initialization
   170                           
   171                           ;End of C runtime variable initialization code
   172                           
   173  06E4                     end_of_initialization:
   174  06E4  0183               clrf status
   175  06E5  120A  118A  2F48   ljmp _main	;jump to C main() function
   176                           psect	cstackCOMMON,class=COMMON,space=1
   177                           global __pcstackCOMMON
   178  0070                     __pcstackCOMMON:
   179                           	global	?_command
   180  0070                     ?_command:	; 0 bytes @ 0x0
   181                           	global	??_command
   182  0070                     ??_command:	; 0 bytes @ 0x0
   183                           	global	?_data
   184  0070                     ?_data:	; 0 bytes @ 0x0
   185                           	global	??_data
   186  0070                     ??_data:	; 0 bytes @ 0x0
   187                           	global	?_initial
   188  0070                     ?_initial:	; 0 bytes @ 0x0
   189                           	global	?_main
   190  0070                     ?_main:	; 0 bytes @ 0x0
   191  0070                     	ds	1
   192                           	global	command@y
   193  0071                     command@y:	; 1 bytes @ 0x1
   194                           	global	data@z
   195  0071                     data@z:	; 1 bytes @ 0x1
   196  0071                     	ds	1
   197                           	global	??_initial
   198  0072                     ??_initial:	; 0 bytes @ 0x2
   199                           	global	??_main
   200  0072                     ??_main:	; 0 bytes @ 0x2
   201  0072                     	ds	4
   202                           psect	cstackBANK0,class=BANK0,space=1
   203                           global __pcstackBANK0
   204  0020                     __pcstackBANK0:
   205                           	global	main@a
   206  0020                     main@a:	; 17 bytes @ 0x0
   207  0020                     	ds	17
   208                           	global	main@b
   209  0031                     main@b:	; 16 bytes @ 0x11
   210  0031                     	ds	16
   211                           	global	main@i
   212  0041                     main@i:	; 2 bytes @ 0x21
   213  0041                     	ds	2
   214                           	global	main@j
   215  0043                     main@j:	; 2 bytes @ 0x23
   216  0043                     	ds	2
   217 ;;Data sizes: Strings 0, constant 0, data 33, bss 0, persistent 0 stack 0
   218 ;;Auto spaces:   Size  Autos    Used
   219 ;; COMMON          14      6       6
   220 ;; BANK0           80     37      70
   221 ;; BANK1           80      0       0
   222 ;; BANK3           96      0       0
   223 ;; BANK2           96      0       0
   224                           
   225 ;;
   226 ;; Pointer list with targets:
   227                           
   228                           
   229                           
   230 ;;
   231 ;; Critical Paths under _main in COMMON
   232 ;;
   233 ;;   _main->_command
   234 ;;   _main->_data
   235 ;;   _initial->_command
   236 ;;
   237 ;; Critical Paths under _main in BANK0
   238 ;;
   239 ;;   None.
   240 ;;
   241 ;; Critical Paths under _main in BANK1
   242 ;;
   243 ;;   None.
   244 ;;
   245 ;; Critical Paths under _main in BANK3
   246 ;;
   247 ;;   None.
   248 ;;
   249 ;; Critical Paths under _main in BANK2
   250 ;;
   251 ;;   None.
   252                           
   253 ;;
   254 ;;Main: autosize = 0, tempsize = 4, incstack = 0, save=0
   255 ;;
   256                           
   257 ;;
   258 ;;Call Graph Tables:
   259 ;;
   260 ;; ---------------------------------------------------------------------------------
   261 ;; (Depth) Function   	        Calls       Base Space   Used Autos Params    Refs
   262 ;; ---------------------------------------------------------------------------------
   263 ;; (0) _main                                                41    41      0     250
   264 ;;                                              2 COMMON     4     4      0
   265 ;;                                              0 BANK0     37    37      0
   266 ;;                            _initial
   267 ;;                            _command
   268 ;;                               _data
   269 ;; ---------------------------------------------------------------------------------
   270 ;; (1) _initial                                              0     0      0      22
   271 ;;                            _command
   272 ;; ---------------------------------------------------------------------------------
   273 ;; (1) _data                                                 2     2      0      22
   274 ;;                                              0 COMMON     2     2      0
   275 ;; ---------------------------------------------------------------------------------
   276 ;; (1) _command                                              2     2      0      22
   277 ;;                                              0 COMMON     2     2      0
   278 ;; ---------------------------------------------------------------------------------
   279 ;; Estimated maximum stack depth 1
   280 ;; ---------------------------------------------------------------------------------
   281                           
   282 ;; Call Graph Graphs:
   283                           
   284 ;; _main (ROOT)
   285 ;;   _initial
   286 ;;     _command
   287 ;;   _command
   288 ;;   _data
   289 ;;
   290                           
   291 ;; Address spaces:
   292                           
   293 ;;Name               Size   Autos  Total    Cost      Usage
   294 ;;BANK3               60      0       0       9        0.0%
   295 ;;BITBANK3            60      0       0       8        0.0%
   296 ;;SFR3                 0      0       0       4        0.0%
   297 ;;BITSFR3              0      0       0       4        0.0%
   298 ;;BANK2               60      0       0      11        0.0%
   299 ;;BITBANK2            60      0       0      10        0.0%
   300 ;;SFR2                 0      0       0       5        0.0%
   301 ;;BITSFR2              0      0       0       5        0.0%
   302 ;;SFR1                 0      0       0       2        0.0%
   303 ;;BITSFR1              0      0       0       2        0.0%
   304 ;;BANK1               50      0       0       7        0.0%
   305 ;;BITBANK1            50      0       0       6        0.0%
   306 ;;CODE                 0      0       0       0        0.0%
   307 ;;DATA                 0      0      4E      12        0.0%
   308 ;;ABS                  0      0      4C       3        0.0%
   309 ;;NULL                 0      0       0       0        0.0%
   310 ;;STACK                0      0       2       2        0.0%
   311 ;;BANK0               50     25      46       5       87.5%
   312 ;;BITBANK0            50      0       0       4        0.0%
   313 ;;SFR0                 0      0       0       1        0.0%
   314 ;;BITSFR0              0      0       0       1        0.0%
   315 ;;COMMON               E      6       6       1       42.9%
   316 ;;BITCOMMON            E      0       0       0        0.0%
   317 ;;EEDATA             100      0       0       0        0.0%
   318                           
   319                           	global	_main
   320                           psect	maintext,global,class=CODE,delta=2
   321                           global __pmaintext
   322  0748                     __pmaintext:
   323                           
   324 ;; *************** function _main *****************
   325 ;; Defined at:
   326 ;;		line 33 in file "C:\Users\sreya\Desktop\embeded\LCD dsp for loop\lcd dsp for loop.c"
   327 ;; Parameters:    Size  Location     Type
   328 ;;		None
   329 ;; Auto vars:     Size  Location     Type
   330 ;;  j               2   35[BANK0 ] int 
   331 ;;  i               2   33[BANK0 ] int 
   332 ;;  a              17    0[BANK0 ] unsigned char [17]
   333 ;;  b              16   17[BANK0 ] unsigned char [16]
   334 ;; Return value:  Size  Location     Type
   335 ;;		None               void
   336 ;; Registers used:
   337 ;;		wreg, fsr0l, fsr0h, status,2, status,0, btemp+0, pclath, cstack
   338 ;; Tracked objects:
   339 ;;		On entry : 17F/0
   340 ;;		On exit  : 0/0
   341 ;;		Unchanged: 0/0
   342 ;; Data sizes:     COMMON   BANK0   BANK1   BANK3   BANK2
   343 ;;      Params:         0       0       0       0       0
   344 ;;      Locals:         0      37       0       0       0
   345 ;;      Temps:          4       0       0       0       0
   346 ;;      Totals:         4      37       0       0       0
   347 ;;Total ram usage:       41 bytes
   348 ;; Hardware stack levels required when called:    2
   349 ;; This function calls:
   350 ;;		_initial
   351 ;;		_command
   352 ;;		_data
   353 ;; This function is called by:
   354 ;;		Startup code after reset
   355 ;; This function uses a non-reentrant model
   356 ;;
   357                           psect	maintext
   358                           	file	"C:\Users\sreya\Desktop\embeded\LCD dsp for loop\lcd dsp for loop.c"
   359                           	line	33
   360                           	global	__size_of_main
   361  00B8                     	__size_of_main	equ	__end_of_main-_main
   362                           	
   363  0748                     _main:	
   364                           	opt	stack 8
   365                           ; Regs used in _main: [wreg-fsr0h+status,2-btemp+0+pclath+cstack]
   366                           	line	34
   367                           	
   368  0748                     l1815:	
   369                           ;lcd dsp for loop.c: 34: TRISC=0x00;
   370  0748  1683               	bsf	status, 5	;RP0=1, select bank1
   371  0749  1303               	bcf	status, 6	;RP1=0, select bank1
   372  074A  0187               	clrf	(135)^080h	;volatile
   373                           	line	35
   374                           ;lcd dsp for loop.c: 35: TRISD=0x00;
   375  074B  0188               	clrf	(136)^080h	;volatile
   376                           	line	36
   377                           	
   378  074C                     l1817:	
   379                           ;lcd dsp for loop.c: 36: initial();
   380  074C  120A  118A  270E   	fcall	_initial
              120A  118A         
   381                           	line	37
   382                           	
   383  0751                     l1819:	
   384                           ;lcd dsp for loop.c: 37: char a[]={" ECE DEPARTMENT "};
   385  0751  3020               	movlw	(main@a)&0ffh
   386  0752  0084               	movwf	fsr0
   387  0753  3045               	movlw	low(main@F519)
   388  0754  00F2               	movwf	(??_main+0)+0
   389  0755  0804               	movf	fsr0,w
   390  0756  00F3               	movwf	((??_main+0)+0+1)
   391  0757  3011               	movlw	17
   392  0758  00F4               	movwf	((??_main+0)+0+2)
   393  0759                     u2200:
   394  0759  0872               	movf	(??_main+0)+0,w
   395  075A  0084               	movwf	fsr0
   396  075B  1383               	bcf	status, 7	;select IRP bank0
   397                           	
   398  075C  0800               	movf	indf,w
   399  075D  00F5               	movwf	((??_main+0)+0+3)
   400  075E  0AF2               	incf	(??_main+0)+0,f
   401  075F  0873               	movf	((??_main+0)+0+1),w
   402  0760  0084               	movwf	fsr0
   403                           	
   404  0761  0875               	movf	((??_main+0)+0+3),w
   405  0762  0080               	movwf	indf
   406  0763  0AF3               	incf	((??_main+0)+0+1),f
   407  0764  0BF4               	decfsz	((??_main+0)+0+2),f
   408  0765  2F59               	goto	u2200
   409                           	line	38
   410                           	
   411  0766                     l1821:	
   412                           ;lcd dsp for loop.c: 38: command(0x80);
   413  0766  3080               	movlw	(080h)
   414  0767  120A  118A  26E8   	fcall	_command
              120A  118A         
   415                           	line	39
   416                           	
   417  076C                     l1823:	
   418                           ;lcd dsp for loop.c: 39: for(int i=0;i<=15;i++)
   419  076C  3000               	movlw	low(0)
   420  076D  1283               	bcf	status, 5	;RP0=0, select bank0
   421  076E  1303               	bcf	status, 6	;RP1=0, select bank0
   422  076F  00C1               	movwf	(main@i)
   423  0770  3000               	movlw	high(0)
   424  0771  00C2               	movwf	((main@i))+1
   425                           	
   426  0772                     l1825:	
   427  0772  0842               	movf	(main@i+1),w
   428  0773  3A80               	xorlw	80h
   429  0774  00FE               	movwf	btemp+0
   430  0775  3080               	movlw	(high(010h))^80h
   431  0776  027E               	subwf	btemp+0,w
   432  0777  1D03               	skipz
   433  0778  2F7B               	goto	u2215
   434  0779  3010               	movlw	low(010h)
   435  077A  0241               	subwf	(main@i),w
   436  077B                     u2215:
   437                           
   438  077B  1C03               	skipc
   439  077C  2F7E               	goto	u2211
   440  077D  2F7F               	goto	u2210
   441  077E                     u2211:
   442  077E  2F80               	goto	l572
   443  077F                     u2210:
   444                           	
   445  077F                     l1827:	
   446  077F  2FA1               	goto	l573
   447                           	line	40
   448                           	
   449  0780                     l572:	
   450                           	line	41
   451                           	
   452  0780                     l1829:	
   453                           ;lcd dsp for loop.c: 40: {
   454                           ;lcd dsp for loop.c: 41: data(a[i]);
   455  0780  1283               	bcf	status, 5	;RP0=0, select bank0
   456  0781  1303               	bcf	status, 6	;RP1=0, select bank0
   457  0782  0841               	movf	(main@i),w
   458  0783  3E20               	addlw	main@a&0ffh
   459  0784  0084               	movwf	fsr0
   460  0785  1383               	bcf	status, 7	;select IRP bank0
   461  0786  0800               	movf	indf,w
   462  0787  120A  118A  26FB   	fcall	_data
              120A  118A         
   463                           	line	39
   464                           	
   465  078C                     l1831:	
   466  078C  3001               	movlw	low(01h)
   467  078D  1283               	bcf	status, 5	;RP0=0, select bank0
   468  078E  1303               	bcf	status, 6	;RP1=0, select bank0
   469  078F  07C1               	addwf	(main@i),f
   470  0790  1803               	skipnc
   471  0791  0AC2               	incf	(main@i+1),f
   472  0792  3000               	movlw	high(01h)
   473  0793  07C2               	addwf	(main@i+1),f
   474                           	
   475  0794                     l1833:	
   476  0794  0842               	movf	(main@i+1),w
   477  0795  3A80               	xorlw	80h
   478  0796  00FE               	movwf	btemp+0
   479  0797  3080               	movlw	(high(010h))^80h
   480  0798  027E               	subwf	btemp+0,w
   481  0799  1D03               	skipz
   482  079A  2F9D               	goto	u2225
   483  079B  3010               	movlw	low(010h)
   484  079C  0241               	subwf	(main@i),w
   485  079D                     u2225:
   486                           
   487  079D  1C03               	skipc
   488  079E  2FA0               	goto	u2221
   489  079F  2FA1               	goto	u2220
   490  07A0                     u2221:
   491  07A0  2F80               	goto	l572
   492  07A1                     u2220:
   493                           	
   494  07A1                     l573:	
   495                           	line	43
   496                           	
   497  07A1                     l1835:	
   498                           ;lcd dsp for loop.c: 42: }
   499                           ;lcd dsp for loop.c: 43: char b[]={"   PANIMALAR   "};
   500  07A1  3031               	movlw	(main@b)&0ffh
   501  07A2  0084               	movwf	fsr0
   502  07A3  3056               	movlw	low(main@F522)
   503  07A4  00F2               	movwf	(??_main+0)+0
   504  07A5  0804               	movf	fsr0,w
   505  07A6  00F3               	movwf	((??_main+0)+0+1)
   506  07A7  3010               	movlw	16
   507  07A8  00F4               	movwf	((??_main+0)+0+2)
   508  07A9                     u2230:
   509  07A9  0872               	movf	(??_main+0)+0,w
   510  07AA  0084               	movwf	fsr0
   511  07AB  1383               	bcf	status, 7	;select IRP bank0
   512                           	
   513  07AC  0800               	movf	indf,w
   514  07AD  00F5               	movwf	((??_main+0)+0+3)
   515  07AE  0AF2               	incf	(??_main+0)+0,f
   516  07AF  0873               	movf	((??_main+0)+0+1),w
   517  07B0  0084               	movwf	fsr0
   518                           	
   519  07B1  0875               	movf	((??_main+0)+0+3),w
   520  07B2  0080               	movwf	indf
   521  07B3  0AF3               	incf	((??_main+0)+0+1),f
   522  07B4  0BF4               	decfsz	((??_main+0)+0+2),f
   523  07B5  2FA9               	goto	u2230
   524                           	line	44
   525                           	
   526  07B6                     l1837:	
   527                           ;lcd dsp for loop.c: 44: command(0xC0);
   528  07B6  30C0               	movlw	(0C0h)
   529  07B7  120A  118A  26E8   	fcall	_command
              120A  118A         
   530                           	line	45
   531                           	
   532  07BC                     l1839:	
   533                           ;lcd dsp for loop.c: 45: for(int j=0;j<=14;j++)
   534  07BC  3000               	movlw	low(0)
   535  07BD  1283               	bcf	status, 5	;RP0=0, select bank0
   536  07BE  1303               	bcf	status, 6	;RP1=0, select bank0
   537  07BF  00C3               	movwf	(main@j)
   538  07C0  3000               	movlw	high(0)
   539  07C1  00C4               	movwf	((main@j))+1
   540                           	
   541  07C2                     l1841:	
   542  07C2  0844               	movf	(main@j+1),w
   543  07C3  3A80               	xorlw	80h
   544  07C4  00FE               	movwf	btemp+0
   545  07C5  3080               	movlw	(high(0Fh))^80h
   546  07C6  027E               	subwf	btemp+0,w
   547  07C7  1D03               	skipz
   548  07C8  2FCB               	goto	u2245
   549  07C9  300F               	movlw	low(0Fh)
   550  07CA  0243               	subwf	(main@j),w
   551  07CB                     u2245:
   552                           
   553  07CB  1C03               	skipc
   554  07CC  2FCE               	goto	u2241
   555  07CD  2FCF               	goto	u2240
   556  07CE                     u2241:
   557  07CE  2FD0               	goto	l576
   558  07CF                     u2240:
   559                           	
   560  07CF                     l1843:	
   561  07CF  2FF1               	goto	l577
   562                           	line	46
   563                           	
   564  07D0                     l576:	
   565                           	line	47
   566                           	
   567  07D0                     l1845:	
   568                           ;lcd dsp for loop.c: 46: {
   569                           ;lcd dsp for loop.c: 47: data(b[j]);
   570  07D0  1283               	bcf	status, 5	;RP0=0, select bank0
   571  07D1  1303               	bcf	status, 6	;RP1=0, select bank0
   572  07D2  0843               	movf	(main@j),w
   573  07D3  3E31               	addlw	main@b&0ffh
   574  07D4  0084               	movwf	fsr0
   575  07D5  1383               	bcf	status, 7	;select IRP bank0
   576  07D6  0800               	movf	indf,w
   577  07D7  120A  118A  26FB   	fcall	_data
              120A  118A         
   578                           	line	45
   579                           	
   580  07DC                     l1847:	
   581  07DC  3001               	movlw	low(01h)
   582  07DD  1283               	bcf	status, 5	;RP0=0, select bank0
   583  07DE  1303               	bcf	status, 6	;RP1=0, select bank0
   584  07DF  07C3               	addwf	(main@j),f
   585  07E0  1803               	skipnc
   586  07E1  0AC4               	incf	(main@j+1),f
   587  07E2  3000               	movlw	high(01h)
   588  07E3  07C4               	addwf	(main@j+1),f
   589                           	
   590  07E4                     l1849:	
   591  07E4  0844               	movf	(main@j+1),w
   592  07E5  3A80               	xorlw	80h
   593  07E6  00FE               	movwf	btemp+0
   594  07E7  3080               	movlw	(high(0Fh))^80h
   595  07E8  027E               	subwf	btemp+0,w
   596  07E9  1D03               	skipz
   597  07EA  2FED               	goto	u2255
   598  07EB  300F               	movlw	low(0Fh)
   599  07EC  0243               	subwf	(main@j),w
   600  07ED                     u2255:
   601                           
   602  07ED  1C03               	skipc
   603  07EE  2FF0               	goto	u2251
   604  07EF  2FF1               	goto	u2250
   605  07F0                     u2251:
   606  07F0  2FD0               	goto	l576
   607  07F1                     u2250:
   608                           	
   609  07F1                     l577:	
   610                           	line	49
   611                           	
   612  07F1                     l1851:	
   613                           ;lcd dsp for loop.c: 48: }
   614                           ;lcd dsp for loop.c: 49: _delay((unsigned long)((1000)*(4000000/4000.0)));
   615                           	opt asmopt_off
   616  07F1  3006               movlw  6
   617  07F2  00F4               movwf	((??_main+0)+0+2),f
   618  07F3  300E               movlw	14
   619  07F4  00F3               movwf	((??_main+0)+0+1),f
   620  07F5  30B0               	movlw	176
   621  07F6  00F2               movwf	((??_main+0)+0),f
   622  07F7                     u2267:
   623  07F7  0BF2               	decfsz	((??_main+0)+0),f
   624  07F8  2FF7               	goto	u2267
   625  07F9  0BF3               	decfsz	((??_main+0)+0+1),f
   626  07FA  2FF7               	goto	u2267
   627  07FB  0BF4               	decfsz	((??_main+0)+0+2),f
   628  07FC  2FF7               	goto	u2267
   629                           opt asmopt_on
   630                           
   631                           	line	50
   632                           	
   633  07FD                     l578:	
   634                           	global	start
   635  07FD  120A  118A  2800   	ljmp	start
   636                           	opt stack 0
   637                           GLOBAL	__end_of_main
   638  0800                     	__end_of_main:
   639 ;; =============== function _main ends ============
   640                           
   641                           	signat	_main,88
   642                           	global	_initial
   643                           psect	text121,local,class=CODE,delta=2
   644                           global __ptext121
   645  070E                     __ptext121:
   646                           
   647 ;; *************** function _initial *****************
   648 ;; Defined at:
   649 ;;		line 26 in file "C:\Users\sreya\Desktop\embeded\LCD dsp for loop\lcd dsp for loop.c"
   650 ;; Parameters:    Size  Location     Type
   651 ;;		None
   652 ;; Auto vars:     Size  Location     Type
   653 ;;		None
   654 ;; Return value:  Size  Location     Type
   655 ;;		None               void
   656 ;; Registers used:
   657 ;;		wreg, status,2, status,0, pclath, cstack
   658 ;; Tracked objects:
   659 ;;		On entry : 0/0
   660 ;;		On exit  : 0/0
   661 ;;		Unchanged: 0/0
   662 ;; Data sizes:     COMMON   BANK0   BANK1   BANK3   BANK2
   663 ;;      Params:         0       0       0       0       0
   664 ;;      Locals:         0       0       0       0       0
   665 ;;      Temps:          0       0       0       0       0
   666 ;;      Totals:         0       0       0       0       0
   667 ;;Total ram usage:        0 bytes
   668 ;; Hardware stack levels used:    1
   669 ;; Hardware stack levels required when called:    1
   670 ;; This function calls:
   671 ;;		_command
   672 ;; This function is called by:
   673 ;;		_main
   674 ;; This function uses a non-reentrant model
   675 ;;
   676                           psect	text121
   677                           	file	"C:\Users\sreya\Desktop\embeded\LCD dsp for loop\lcd dsp for loop.c"
   678                           	line	26
   679                           	global	__size_of_initial
   680  0019                     	__size_of_initial	equ	__end_of_initial-_initial
   681                           	
   682  070E                     _initial:	
   683                           	opt	stack 7
   684                           ; Regs used in _initial: [wreg+status,2+status,0+pclath+cstack]
   685                           	line	27
   686                           	
   687  070E                     l1813:	
   688                           ;lcd dsp for loop.c: 27: command(0x38);
   689  070E  3038               	movlw	(038h)
   690  070F  120A  118A  26E8   	fcall	_command
              120A  118A         
   691                           	line	28
   692                           ;lcd dsp for loop.c: 28: command(0x01);
   693  0714  3001               	movlw	(01h)
   694  0715  120A  118A  26E8   	fcall	_command
              120A  118A         
   695                           	line	29
   696                           ;lcd dsp for loop.c: 29: command(0x06);
   697  071A  3006               	movlw	(06h)
   698  071B  120A  118A  26E8   	fcall	_command
              120A  118A         
   699                           	line	30
   700                           ;lcd dsp for loop.c: 30: command(0x0C);
   701  0720  300C               	movlw	(0Ch)
   702  0721  120A  118A  26E8   	fcall	_command
              120A  118A         
   703                           	line	31
   704                           	
   705  0726                     l567:	
   706  0726  0008               	return
   707                           	opt stack 0
   708                           GLOBAL	__end_of_initial
   709  0727                     	__end_of_initial:
   710 ;; =============== function _initial ends ============
   711                           
   712                           	signat	_initial,88
   713                           	global	_data
   714                           psect	text122,local,class=CODE,delta=2
   715                           global __ptext122
   716  06FB                     __ptext122:
   717                           
   718 ;; *************** function _data *****************
   719 ;; Defined at:
   720 ;;		line 17 in file "C:\Users\sreya\Desktop\embeded\LCD dsp for loop\lcd dsp for loop.c"
   721 ;; Parameters:    Size  Location     Type
   722 ;;  z               1    wreg     unsigned char 
   723 ;; Auto vars:     Size  Location     Type
   724 ;;  z               1    1[COMMON] unsigned char 
   725 ;; Return value:  Size  Location     Type
   726 ;;		None               void
   727 ;; Registers used:
   728 ;;		wreg
   729 ;; Tracked objects:
   730 ;;		On entry : 0/0
   731 ;;		On exit  : 0/0
   732 ;;		Unchanged: 0/0
   733 ;; Data sizes:     COMMON   BANK0   BANK1   BANK3   BANK2
   734 ;;      Params:         0       0       0       0       0
   735 ;;      Locals:         1       0       0       0       0
   736 ;;      Temps:          1       0       0       0       0
   737 ;;      Totals:         2       0       0       0       0
   738 ;;Total ram usage:        2 bytes
   739 ;; Hardware stack levels used:    1
   740 ;; This function calls:
   741 ;;		Nothing
   742 ;; This function is called by:
   743 ;;		_main
   744 ;; This function uses a non-reentrant model
   745 ;;
   746                           psect	text122
   747                           	file	"C:\Users\sreya\Desktop\embeded\LCD dsp for loop\lcd dsp for loop.c"
   748                           	line	17
   749                           	global	__size_of_data
   750  0013                     	__size_of_data	equ	__end_of_data-_data
   751                           	
   752  06FB                     _data:	
   753                           	opt	stack 7
   754                           ; Regs used in _data: [wreg]
   755                           ;data@z stored from wreg
   756  06FB  00F1               	movwf	(data@z)
   757                           	line	18
   758                           	
   759  06FC                     l1803:	
   760                           ;lcd dsp for loop.c: 18: PORTD=z;
   761  06FC  0871               	movf	(data@z),w
   762  06FD  1283               	bcf	status, 5	;RP0=0, select bank0
   763  06FE  1303               	bcf	status, 6	;RP1=0, select bank0
   764  06FF  0088               	movwf	(8)	;volatile
   765                           	line	19
   766                           	
   767  0700                     l1805:	
   768                           ;lcd dsp for loop.c: 19: RC0=1;
   769  0700  1407               	bsf	(56/8),(56)&7
   770                           	line	20
   771                           	
   772  0701                     l1807:	
   773                           ;lcd dsp for loop.c: 20: RC1=0;
   774  0701  1087               	bcf	(57/8),(57)&7
   775                           	line	21
   776                           	
   777  0702                     l1809:	
   778                           ;lcd dsp for loop.c: 21: RC2=1;
   779  0702  1507               	bsf	(58/8),(58)&7
   780                           	line	22
   781                           ;lcd dsp for loop.c: 22: _delay((unsigned long)((1)*(4000000/4000.0)));
   782                           	opt asmopt_off
   783  0703  30F9               movlw	249
   784  0704  00F0               movwf	(??_data+0)+0,f
   785  0705                     u2277:
   786  0705  0064               	clrwdt
   787  0706  0BF0               decfsz	(??_data+0)+0,f
   788  0707  2F05               	goto	u2277
   789  0708  2F09               	nop2	;nop
   790  0709  0064               	clrwdt
   791                           opt asmopt_on
   792                           
   793                           	line	23
   794                           	
   795  070A                     l1811:	
   796                           ;lcd dsp for loop.c: 23: RC2=0;
   797  070A  1283               	bcf	status, 5	;RP0=0, select bank0
   798  070B  1303               	bcf	status, 6	;RP1=0, select bank0
   799  070C  1107               	bcf	(58/8),(58)&7
   800                           	line	24
   801                           	
   802  070D                     l564:	
   803  070D  0008               	return
   804                           	opt stack 0
   805                           GLOBAL	__end_of_data
   806  070E                     	__end_of_data:
   807 ;; =============== function _data ends ============
   808                           
   809                           	signat	_data,4216
   810                           	global	_command
   811                           psect	text123,local,class=CODE,delta=2
   812                           global __ptext123
   813  06E8                     __ptext123:
   814                           
   815 ;; *************** function _command *****************
   816 ;; Defined at:
   817 ;;		line 8 in file "C:\Users\sreya\Desktop\embeded\LCD dsp for loop\lcd dsp for loop.c"
   818 ;; Parameters:    Size  Location     Type
   819 ;;  y               1    wreg     unsigned char 
   820 ;; Auto vars:     Size  Location     Type
   821 ;;  y               1    1[COMMON] unsigned char 
   822 ;; Return value:  Size  Location     Type
   823 ;;		None               void
   824 ;; Registers used:
   825 ;;		wreg
   826 ;; Tracked objects:
   827 ;;		On entry : 0/0
   828 ;;		On exit  : 0/0
   829 ;;		Unchanged: 0/0
   830 ;; Data sizes:     COMMON   BANK0   BANK1   BANK3   BANK2
   831 ;;      Params:         0       0       0       0       0
   832 ;;      Locals:         1       0       0       0       0
   833 ;;      Temps:          1       0       0       0       0
   834 ;;      Totals:         2       0       0       0       0
   835 ;;Total ram usage:        2 bytes
   836 ;; Hardware stack levels used:    1
   837 ;; This function calls:
   838 ;;		Nothing
   839 ;; This function is called by:
   840 ;;		_initial
   841 ;;		_main
   842 ;; This function uses a non-reentrant model
   843 ;;
   844                           psect	text123
   845                           	file	"C:\Users\sreya\Desktop\embeded\LCD dsp for loop\lcd dsp for loop.c"
   846                           	line	8
   847                           	global	__size_of_command
   848  0013                     	__size_of_command	equ	__end_of_command-_command
   849                           	
   850  06E8                     _command:	
   851                           	opt	stack 7
   852                           ; Regs used in _command: [wreg]
   853                           ;command@y stored from wreg
   854  06E8  00F1               	movwf	(command@y)
   855                           	line	9
   856                           	
   857  06E9                     l1793:	
   858                           ;lcd dsp for loop.c: 9: PORTD=y;
   859  06E9  0871               	movf	(command@y),w
   860  06EA  1283               	bcf	status, 5	;RP0=0, select bank0
   861  06EB  1303               	bcf	status, 6	;RP1=0, select bank0
   862  06EC  0088               	movwf	(8)	;volatile
   863                           	line	10
   864                           	
   865  06ED                     l1795:	
   866                           ;lcd dsp for loop.c: 10: RC0=0;
   867  06ED  1007               	bcf	(56/8),(56)&7
   868                           	line	11
   869                           	
   870  06EE                     l1797:	
   871                           ;lcd dsp for loop.c: 11: RC1=0;
   872  06EE  1087               	bcf	(57/8),(57)&7
   873                           	line	12
   874                           	
   875  06EF                     l1799:	
   876                           ;lcd dsp for loop.c: 12: RC2=1;
   877  06EF  1507               	bsf	(58/8),(58)&7
   878                           	line	13
   879                           ;lcd dsp for loop.c: 13: _delay((unsigned long)((1)*(4000000/4000.0)));
   880                           	opt asmopt_off
   881  06F0  30F9               movlw	249
   882  06F1  00F0               movwf	(??_command+0)+0,f
   883  06F2                     u2287:
   884  06F2  0064               	clrwdt
   885  06F3  0BF0               decfsz	(??_command+0)+0,f
   886  06F4  2EF2               	goto	u2287
   887  06F5  2EF6               	nop2	;nop
   888  06F6  0064               	clrwdt
   889                           opt asmopt_on
   890                           
   891                           	line	14
   892                           	
   893  06F7                     l1801:	
   894                           ;lcd dsp for loop.c: 14: RC2=0;
   895  06F7  1283               	bcf	status, 5	;RP0=0, select bank0
   896  06F8  1303               	bcf	status, 6	;RP1=0, select bank0
   897  06F9  1107               	bcf	(58/8),(58)&7
   898                           	line	15
   899                           	
   900  06FA                     l561:	
   901  06FA  0008               	return
   902                           	opt stack 0
   903                           GLOBAL	__end_of_command
   904  06FB                     	__end_of_command:
   905 ;; =============== function _command ends ============
   906                           
   907                           	signat	_command,4216
   908                           psect	text124,local,class=CODE,delta=2
   909                           global __ptext124
   910  0000                     __ptext124:
   911                           	global	btemp
   912  007E                     	btemp set 07Eh
   913                           
   914                           	DABS	1,126,2	;btemp
   915                           	global	wtemp0
   916  007E                     	wtemp0 set btemp


HI-TECH Software PICC Macro Assembler V9.71a build 6446 
Symbol Table                                                                                   Tue Jan 03 13:25:02 2023

                   pc 0002                    fsr 0004                   l561 06FA                   l564 070D  
                 l572 0780                   l573 07A1                   l567 0726                   l576 07D0  
                 l577 07F1                   l578 07FD                   _RC0 0038                   _RC1 0039  
                 _RC2 003A                   fsr0 0004                   indf 0000                  l1801 06F7  
                l1811 070A                  l1803 06FC                  l1805 0700                  l1813 070E  
                l1821 0766                  l1807 0701                  l1831 078C                  l1823 076C  
                l1815 0748                  l1809 0702                  l1841 07C2                  l1833 0794  
                l1825 0772                  l1817 074C                  l1851 07F1                  l1843 07CF  
                l1835 07A1                  l1827 077F                  l1819 0751                  l1845 07D0  
                l1837 07B6                  l1829 0780                  l1847 07DC                  l1839 07BC  
                l1793 06E9                  l1849 07E4                  l1795 06ED                  l1797 06EE  
                l1799 06EF                  u2200 0759                  u2210 077F                  u2211 077E  
                u2220 07A1                  u2221 07A0                  u2230 07A9                  u2215 077B  
                u2240 07CF                  u2241 07CE                  u2225 079D                  u2250 07F1  
                u2251 07F0                  u2245 07CB                  u2255 07ED                  u2267 07F7  
                u2277 0705                  u2287 06F2                  _data 06FB                  _main 0748  
                btemp 007E                  start 0000                 ?_data 0070                 ?_main 0070  
               _PORTD 0008                 _TRISC 0087                 _TRISD 0088       __end_of_command 06FB  
               data@z 0071       __end_of_initial 0727                 main@a 0020                 main@b 0031  
               main@i 0041                 main@j 0043                 pclath 000A                 status 0003  
               wtemp0 007E          __end_of_data 070E          __end_of_main 0800                ??_data 0070  
              ??_main 0072             ??_command 0070             ??_initial 0072        __pcstackCOMMON 0070  
        __pidataBANK0 0727            __pmaintext 0748               _command 06E8               _initial 070E  
end_of_initialization 06E4               init_ram 06C9   start_initialization 06D6           __pdataBANK0 0045  
       __pcstackBANK0 0020             __ptext121 070E             __ptext122 06FB             __ptext123 06E8  
           __ptext124 0000              ?_command 0070              ?_initial 0070             init_fetch 06C5  
    __size_of_command 0013      __size_of_initial 0019         __size_of_data 0013         __size_of_main 00B8  
            main@F522 0056              main@F519 0045              command@y 0071  
