

HI-TECH Software PIC LITE Macro Assembler V9.71a build 6446 
                                                                                               Tue Jan 03 18:40:02 2023

HI-TECH Software Omniscient Code Generator (Lite mode) build 6446
     1  0000                     opt subtitle "HI-TECH Software Omniscient Code Generator (Lite mode) build 6446"
     2                           
     3                           opt pagewidth 120
     4                           
     5                           	opt lm
     6                           
     7                           	processor	16F877A
     8                           clrc	macro
     9                           	bcf	3,0
    10  0000                     	endm
    11                           clrz	macro
    12                           	bcf	3,2
    13  0000                     	endm
    14                           setc	macro
    15                           	bsf	3,0
    16  0000                     	endm
    17                           setz	macro
    18                           	bsf	3,2
    19  0000                     	endm
    20                           skipc	macro
    21                           	btfss	3,0
    22  0000                     	endm
    23                           skipz	macro
    24                           	btfss	3,2
    25  0000                     	endm
    26                           skipnc	macro
    27                           	btfsc	3,0
    28  0000                     	endm
    29                           skipnz	macro
    30                           	btfsc	3,2
    31  0000                     	endm
    32  0000                     indf	equ	0
    33  0000                     indf0	equ	0
    34  0002                     pc	equ	2
    35  0002                     pcl	equ	2
    36  0003                     status	equ	3
    37  0004                     fsr	equ	4
    38  0004                     fsr0	equ	4
    39  0001                     c	equ	1
    40  0000                     z	equ	0
    41  000A                     pclath	equ	10
    42                           # 2 "D:\MICROPROCESSOR WORKSHOP\Projects\SEGMENT PROJECTS\MULTIPLE NO DISP HALF AND HALF
                                 \MULTIPLE NO DISP HALF AND HALF.c"
    43                           	psect config,class=CONFIG,delta=2 ;#
    44                           # 2 "D:\MICROPROCESSOR WORKSHOP\Projects\SEGMENT PROJECTS\MULTIPLE NO DISP HALF AND HALF
                                 \MULTIPLE NO DISP HALF AND HALF.c"
    45  2007  3F72               	dw 0x3F72 ;#
    46                           	FNROOT	_main
    47                           	global	main@F513
    48                           	global	main@F517
    49                           psect	idataBANK0,class=CODE,space=0,delta=2
    50                           global __pidataBANK0
    51  0723                     __pidataBANK0:
    52                           	file	"D:\MICROPROCESSOR WORKSHOP\Projects\SEGMENT PROJECTS\MULTIPLE NO DISP HALF AND HA
                                 LF\MULTIPLE NO DISP HALF AND HALF.c"
    53                           	line	8
    54                           
    55                           ;initializer for main@F513
    56  0723  343F               	retlw	03Fh
    57  0724  3400               	retlw	0
    58                           
    59  0725  3406               	retlw	06h
    60  0726  3400               	retlw	0
    61                           
    62  0727  345B               	retlw	05Bh
    63  0728  3400               	retlw	0
    64                           
    65  0729  344F               	retlw	04Fh
    66  072A  3400               	retlw	0
    67                           
    68  072B  3466               	retlw	066h
    69  072C  3400               	retlw	0
    70                           
    71                           	line	18
    72                           
    73                           ;initializer for main@F517
    74  072D  346D               	retlw	06Dh
    75  072E  3400               	retlw	0
    76                           
    77  072F  347D               	retlw	07Dh
    78  0730  3400               	retlw	0
    79                           
    80  0731  3407               	retlw	07h
    81  0732  3400               	retlw	0
    82                           
    83  0733  347F               	retlw	07Fh
    84  0734  3400               	retlw	0
    85                           
    86  0735  3467               	retlw	067h
    87  0736  3400               	retlw	0
    88                           
    89                           	global	_PORTC
    90  0007                     _PORTC	set	7
    91                           	global	_PORTD
    92  0008                     _PORTD	set	8
    93                           	global	_TRISC
    94  0087                     _TRISC	set	135
    95                           	global	_TRISD
    96  0088                     _TRISD	set	136
    97                           	file	"MULTIPLE NO DISP HALF AND HALF.as"
    98                           	line	#
    99                           psect cinit,class=CODE,delta=2
   100                           global start_initialization
   101  0711                     start_initialization:
   102                           
   103                           psect	dataBANK0,class=BANK0,space=1
   104                           global __pdataBANK0
   105  0036                     __pdataBANK0:
   106                           	file	"D:\MICROPROCESSOR WORKSHOP\Projects\SEGMENT PROJECTS\MULTIPLE NO DISP HALF AND HA
                                 LF\MULTIPLE NO DISP HALF AND HALF.c"
   107                           	line	8
   108  0036                     main@F513:
   109  0036                            ds      10
   110                           
   111                           psect	dataBANK0
   112                           	file	"D:\MICROPROCESSOR WORKSHOP\Projects\SEGMENT PROJECTS\MULTIPLE NO DISP HALF AND HA
                                 LF\MULTIPLE NO DISP HALF AND HALF.c"
   113                           	line	18
   114  0040                     main@F517:
   115  0040                            ds      10
   116                           
   117                           global btemp
   118                           psect inittext,class=CODE,delta=2
   119                           global init_fetch,btemp
   120                           ;	Called with low address in FSR and high address in W
   121  0700                     init_fetch:
   122  0700  087E               	movf btemp,w
   123  0701  008A               	movwf pclath
   124  0702  087F               	movf btemp+1,w
   125  0703  0082               	movwf pc
   126                           global init_ram
   127                           ;Called with:
   128                           ;	high address of idata address in btemp 
   129                           ;	low address of idata address in btemp+1 
   130                           ;	low address of data in FSR
   131                           ;	high address + 1 of data in btemp-1
   132  0704                     init_ram:
   133  0704  2700  120A  118A   	fcall init_fetch
   134  0707  0080               	movwf indf,f
   135  0708  0A84               	incf fsr,f
   136  0709  0804               	movf fsr,w
   137  070A  067D               	xorwf btemp-1,w
   138  070B  1903               	btfsc status,2
   139  070C  3400               	retlw 0
   140  070D  0AFF               	incf btemp+1,f
   141  070E  1903               	btfsc status,2
   142  070F  0AFE               	incf btemp,f
   143  0710  2F04               	goto init_ram
   144                           ; Initialize objects allocated to BANK0
   145                           psect cinit,class=CODE,delta=2
   146                           global init_ram, __pidataBANK0
   147  0711  1383               	bcf	status, 7	;select IRP bank0
   148  0712  304A               	movlw low(__pdataBANK0+20)
   149  0713  00FD               	movwf btemp-1,f
   150  0714  3007               	movlw high(__pidataBANK0)
   151  0715  00FE               	movwf btemp,f
   152  0716  3023               	movlw low(__pidataBANK0)
   153  0717  00FF               	movwf btemp+1,f
   154  0718  3036               	movlw low(__pdataBANK0)
   155  0719  0084               	movwf fsr,f
   156  071A  120A  118A  2704   	fcall init_ram
              120A  118A         
   157                           psect cinit,class=CODE,delta=2
   158                           global end_of_initialization
   159                           
   160                           ;End of C runtime variable initialization code
   161                           
   162  071F                     end_of_initialization:
   163  071F  0183               clrf status
   164  0720  120A  118A  2F37   ljmp _main	;jump to C main() function
   165                           psect	cstackCOMMON,class=COMMON,space=1
   166                           global __pcstackCOMMON
   167  0070                     __pcstackCOMMON:
   168                           	global	?_main
   169  0070                     ?_main:	; 0 bytes @ 0x0
   170                           	global	??_main
   171  0070                     ??_main:	; 0 bytes @ 0x0
   172  0070                     	ds	4
   173                           psect	cstackBANK0,class=BANK0,space=1
   174                           global __pcstackBANK0
   175  0020                     __pcstackBANK0:
   176                           	global	main@A
   177  0020                     main@A:	; 10 bytes @ 0x0
   178  0020                     	ds	10
   179                           	global	main@B
   180  002A                     main@B:	; 10 bytes @ 0xA
   181  002A                     	ds	10
   182                           	global	main@i
   183  0034                     main@i:	; 2 bytes @ 0x14
   184  0034                     	ds	2
   185 ;;Data sizes: Strings 0, constant 0, data 20, bss 0, persistent 0 stack 0
   186 ;;Auto spaces:   Size  Autos    Used
   187 ;; COMMON          14      4       4
   188 ;; BANK0           80     22      42
   189 ;; BANK1           80      0       0
   190 ;; BANK3           96      0       0
   191 ;; BANK2           96      0       0
   192                           
   193 ;;
   194 ;; Pointer list with targets:
   195                           
   196                           
   197                           
   198 ;;
   199 ;; Critical Paths under _main in COMMON
   200 ;;
   201 ;;   None.
   202 ;;
   203 ;; Critical Paths under _main in BANK0
   204 ;;
   205 ;;   None.
   206 ;;
   207 ;; Critical Paths under _main in BANK1
   208 ;;
   209 ;;   None.
   210 ;;
   211 ;; Critical Paths under _main in BANK3
   212 ;;
   213 ;;   None.
   214 ;;
   215 ;; Critical Paths under _main in BANK2
   216 ;;
   217 ;;   None.
   218                           
   219 ;;
   220 ;;Main: autosize = 0, tempsize = 4, incstack = 0, save=0
   221 ;;
   222                           
   223 ;;
   224 ;;Call Graph Tables:
   225 ;;
   226 ;; ---------------------------------------------------------------------------------
   227 ;; (Depth) Function   	        Calls       Base Space   Used Autos Params    Refs
   228 ;; ---------------------------------------------------------------------------------
   229 ;; (0) _main                                                26    26      0     185
   230 ;;                                              0 COMMON     4     4      0
   231 ;;                                              0 BANK0     22    22      0
   232 ;; ---------------------------------------------------------------------------------
   233 ;; Estimated maximum stack depth 0
   234 ;; ---------------------------------------------------------------------------------
   235                           
   236 ;; Call Graph Graphs:
   237                           
   238 ;; _main (ROOT)
   239 ;;
   240                           
   241 ;; Address spaces:
   242                           
   243 ;;Name               Size   Autos  Total    Cost      Usage
   244 ;;BANK3               60      0       0       9        0.0%
   245 ;;BITBANK3            60      0       0       8        0.0%
   246 ;;SFR3                 0      0       0       4        0.0%
   247 ;;BITSFR3              0      0       0       4        0.0%
   248 ;;BANK2               60      0       0      11        0.0%
   249 ;;BITBANK2            60      0       0      10        0.0%
   250 ;;SFR2                 0      0       0       5        0.0%
   251 ;;BITSFR2              0      0       0       5        0.0%
   252 ;;SFR1                 0      0       0       2        0.0%
   253 ;;BITSFR1              0      0       0       2        0.0%
   254 ;;BANK1               50      0       0       7        0.0%
   255 ;;BITBANK1            50      0       0       6        0.0%
   256 ;;CODE                 0      0       0       0        0.0%
   257 ;;DATA                 0      0      2E      12        0.0%
   258 ;;ABS                  0      0      2E       3        0.0%
   259 ;;NULL                 0      0       0       0        0.0%
   260 ;;STACK                0      0       0       2        0.0%
   261 ;;BANK0               50     16      2A       5       52.5%
   262 ;;BITBANK0            50      0       0       4        0.0%
   263 ;;SFR0                 0      0       0       1        0.0%
   264 ;;BITSFR0              0      0       0       1        0.0%
   265 ;;COMMON               E      4       4       1       28.6%
   266 ;;BITCOMMON            E      0       0       0        0.0%
   267 ;;EEDATA             100      0       0       0        0.0%
   268                           
   269                           	global	_main
   270                           psect	maintext,global,class=CODE,delta=2
   271                           global __pmaintext
   272  0737                     __pmaintext:
   273                           
   274 ;; *************** function _main *****************
   275 ;; Defined at:
   276 ;;		line 6 in file "D:\MICROPROCESSOR WORKSHOP\Projects\SEGMENT PROJECTS\MULTIPLE NO DISP HALF AND HALF\MULTIPLE NO DISP
        HALF AND HALF.c"
   277 ;; Parameters:    Size  Location     Type
   278 ;;		None
   279 ;; Auto vars:     Size  Location     Type
   280 ;;  B              10   10[BANK0 ] int [5]
   281 ;;  A              10    0[BANK0 ] int [5]
   282 ;;  i               2   20[BANK0 ] int 
   283 ;; Return value:  Size  Location     Type
   284 ;;		None               void
   285 ;; Registers used:
   286 ;;		wreg, fsr0l, fsr0h, status,2, status,0, btemp+0
   287 ;; Tracked objects:
   288 ;;		On entry : 17F/0
   289 ;;		On exit  : 0/0
   290 ;;		Unchanged: 0/0
   291 ;; Data sizes:     COMMON   BANK0   BANK1   BANK3   BANK2
   292 ;;      Params:         0       0       0       0       0
   293 ;;      Locals:         0      22       0       0       0
   294 ;;      Temps:          4       0       0       0       0
   295 ;;      Totals:         4      22       0       0       0
   296 ;;Total ram usage:       26 bytes
   297 ;; This function calls:
   298 ;;		Nothing
   299 ;; This function is called by:
   300 ;;		Startup code after reset
   301 ;; This function uses a non-reentrant model
   302 ;;
   303                           psect	maintext
   304                           	file	"D:\MICROPROCESSOR WORKSHOP\Projects\SEGMENT PROJECTS\MULTIPLE NO DISP HALF AND HA
                                 LF\MULTIPLE NO DISP HALF AND HALF.c"
   305                           	line	6
   306                           	global	__size_of_main
   307  00C9                     	__size_of_main	equ	__end_of_main-_main
   308                           	
   309  0737                     _main:	
   310                           	opt	stack 8
   311                           ; Regs used in _main: [wreg-fsr0h+status,2-btemp+0]
   312                           	line	7
   313                           	
   314  0737                     l1770:	
   315                           ;MULTIPLE NO DISP HALF AND HALF.c: 7: int i=0;
   316  0737  3000               	movlw	low(0)
   317  0738  1283               	bcf	status, 5	;RP0=0, select bank0
   318  0739  1303               	bcf	status, 6	;RP1=0, select bank0
   319  073A  00B4               	movwf	(main@i)
   320  073B  3000               	movlw	high(0)
   321  073C  00B5               	movwf	((main@i))+1
   322                           	line	8
   323                           	
   324  073D                     l1772:	
   325                           ;MULTIPLE NO DISP HALF AND HALF.c: 8: int A[5]={0x3F, 0x06, 0x5b,0x4F,0x66};
   326  073D  3020               	movlw	(main@A)&0ffh
   327  073E  0084               	movwf	fsr0
   328  073F  3036               	movlw	low(main@F513)
   329  0740  00F0               	movwf	(??_main+0)+0
   330  0741  0804               	movf	fsr0,w
   331  0742  00F1               	movwf	((??_main+0)+0+1)
   332  0743  300A               	movlw	10
   333  0744  00F2               	movwf	((??_main+0)+0+2)
   334  0745                     u2200:
   335  0745  0870               	movf	(??_main+0)+0,w
   336  0746  0084               	movwf	fsr0
   337  0747  1383               	bcf	status, 7	;select IRP bank0
   338                           	
   339  0748  0800               	movf	indf,w
   340  0749  00F3               	movwf	((??_main+0)+0+3)
   341  074A  0AF0               	incf	(??_main+0)+0,f
   342  074B  0871               	movf	((??_main+0)+0+1),w
   343  074C  0084               	movwf	fsr0
   344                           	
   345  074D  0873               	movf	((??_main+0)+0+3),w
   346  074E  0080               	movwf	indf
   347  074F  0AF1               	incf	((??_main+0)+0+1),f
   348  0750  0BF2               	decfsz	((??_main+0)+0+2),f
   349  0751  2F45               	goto	u2200
   350                           	line	9
   351                           	
   352  0752                     l1774:	
   353                           ;MULTIPLE NO DISP HALF AND HALF.c: 9: TRISC=0x00;
   354  0752  1683               	bsf	status, 5	;RP0=1, select bank1
   355  0753  1303               	bcf	status, 6	;RP1=0, select bank1
   356  0754  0187               	clrf	(135)^080h	;volatile
   357                           	line	10
   358                           	
   359  0755                     l1776:	
   360                           ;MULTIPLE NO DISP HALF AND HALF.c: 10: for(i=0; i<=4; i++)
   361  0755  3000               	movlw	low(0)
   362  0756  1283               	bcf	status, 5	;RP0=0, select bank0
   363  0757  1303               	bcf	status, 6	;RP1=0, select bank0
   364  0758  00B4               	movwf	(main@i)
   365  0759  3000               	movlw	high(0)
   366  075A  00B5               	movwf	((main@i))+1
   367                           	
   368  075B                     l1778:	
   369  075B  0835               	movf	(main@i+1),w
   370  075C  3A80               	xorlw	80h
   371  075D  00FE               	movwf	btemp+0
   372  075E  3080               	movlw	(high(05h))^80h
   373  075F  027E               	subwf	btemp+0,w
   374  0760  1D03               	skipz
   375  0761  2F64               	goto	u2215
   376  0762  3005               	movlw	low(05h)
   377  0763  0234               	subwf	(main@i),w
   378  0764                     u2215:
   379                           
   380  0764  1C03               	skipc
   381  0765  2F67               	goto	u2211
   382  0766  2F68               	goto	u2210
   383  0767                     u2211:
   384  0767  2F69               	goto	l563
   385  0768                     u2210:
   386                           	
   387  0768                     l1780:	
   388  0768  2F9D               	goto	l564
   389                           	line	11
   390                           	
   391  0769                     l563:	
   392                           	line	12
   393                           	
   394  0769                     l1782:	
   395                           ;MULTIPLE NO DISP HALF AND HALF.c: 11: {
   396                           ;MULTIPLE NO DISP HALF AND HALF.c: 12: PORTC= A[i];
   397  0769  1283               	bcf	status, 5	;RP0=0, select bank0
   398  076A  1303               	bcf	status, 6	;RP1=0, select bank0
   399  076B  0834               	movf	(main@i),w
   400  076C  00F0               	movwf	(??_main+0)+0
   401  076D  0770               	addwf	(??_main+0)+0,w
   402  076E  3E20               	addlw	main@A&0ffh
   403  076F  0084               	movwf	fsr0
   404  0770  1383               	bcf	status, 7	;select IRP bank0
   405  0771  0800               	movf	indf,w
   406  0772  0087               	movwf	(7)	;volatile
   407                           	line	13
   408                           	
   409  0773                     l1784:	
   410                           ;MULTIPLE NO DISP HALF AND HALF.c: 13: _delay((unsigned long)((10)*(4000000/4000.0)));
   411                           	opt asmopt_off
   412  0773  300D               movlw	13
   413  0774  00F1               movwf	((??_main+0)+0+1),f
   414  0775  30FB               	movlw	251
   415  0776  00F0               movwf	((??_main+0)+0),f
   416  0777                     u2267:
   417  0777  0BF0               	decfsz	((??_main+0)+0),f
   418  0778  2F77               	goto	u2267
   419  0779  0BF1               	decfsz	((??_main+0)+0+1),f
   420  077A  2F77               	goto	u2267
   421  077B  2F7C               	nop2
   422                           opt asmopt_on
   423                           
   424                           	line	15
   425                           	
   426  077C                     l1786:	
   427                           ;MULTIPLE NO DISP HALF AND HALF.c: 15: PORTC= 0x00;
   428  077C  1283               	bcf	status, 5	;RP0=0, select bank0
   429  077D  1303               	bcf	status, 6	;RP1=0, select bank0
   430  077E  0187               	clrf	(7)	;volatile
   431                           	line	16
   432                           	
   433  077F                     l1788:	
   434                           ;MULTIPLE NO DISP HALF AND HALF.c: 16: _delay((unsigned long)((10)*(4000000/4000.0)));
   435                           	opt asmopt_off
   436  077F  300D               movlw	13
   437  0780  00F1               movwf	((??_main+0)+0+1),f
   438  0781  30FB               	movlw	251
   439  0782  00F0               movwf	((??_main+0)+0),f
   440  0783                     u2277:
   441  0783  0BF0               	decfsz	((??_main+0)+0),f
   442  0784  2F83               	goto	u2277
   443  0785  0BF1               	decfsz	((??_main+0)+0+1),f
   444  0786  2F83               	goto	u2277
   445  0787  2F88               	nop2
   446                           opt asmopt_on
   447                           
   448                           	line	10
   449                           	
   450  0788                     l1790:	
   451  0788  3001               	movlw	low(01h)
   452  0789  1283               	bcf	status, 5	;RP0=0, select bank0
   453  078A  1303               	bcf	status, 6	;RP1=0, select bank0
   454  078B  07B4               	addwf	(main@i),f
   455  078C  1803               	skipnc
   456  078D  0AB5               	incf	(main@i+1),f
   457  078E  3000               	movlw	high(01h)
   458  078F  07B5               	addwf	(main@i+1),f
   459                           	
   460  0790                     l1792:	
   461  0790  0835               	movf	(main@i+1),w
   462  0791  3A80               	xorlw	80h
   463  0792  00FE               	movwf	btemp+0
   464  0793  3080               	movlw	(high(05h))^80h
   465  0794  027E               	subwf	btemp+0,w
   466  0795  1D03               	skipz
   467  0796  2F99               	goto	u2225
   468  0797  3005               	movlw	low(05h)
   469  0798  0234               	subwf	(main@i),w
   470  0799                     u2225:
   471                           
   472  0799  1C03               	skipc
   473  079A  2F9C               	goto	u2221
   474  079B  2F9D               	goto	u2220
   475  079C                     u2221:
   476  079C  2F69               	goto	l563
   477  079D                     u2220:
   478                           	
   479  079D                     l564:	
   480                           	line	18
   481                           	
   482  079D                     l1794:	
   483                           ;MULTIPLE NO DISP HALF AND HALF.c: 17: }
   484                           ;MULTIPLE NO DISP HALF AND HALF.c: 18: int B[5]={0x6D,0x7D,0x07,0x7F,0x67};
   485  079D  302A               	movlw	(main@B)&0ffh
   486  079E  0084               	movwf	fsr0
   487  079F  3040               	movlw	low(main@F517)
   488  07A0  00F0               	movwf	(??_main+0)+0
   489  07A1  0804               	movf	fsr0,w
   490  07A2  00F1               	movwf	((??_main+0)+0+1)
   491  07A3  300A               	movlw	10
   492  07A4  00F2               	movwf	((??_main+0)+0+2)
   493  07A5                     u2230:
   494  07A5  0870               	movf	(??_main+0)+0,w
   495  07A6  0084               	movwf	fsr0
   496  07A7  1383               	bcf	status, 7	;select IRP bank0
   497                           	
   498  07A8  0800               	movf	indf,w
   499  07A9  00F3               	movwf	((??_main+0)+0+3)
   500  07AA  0AF0               	incf	(??_main+0)+0,f
   501  07AB  0871               	movf	((??_main+0)+0+1),w
   502  07AC  0084               	movwf	fsr0
   503                           	
   504  07AD  0873               	movf	((??_main+0)+0+3),w
   505  07AE  0080               	movwf	indf
   506  07AF  0AF1               	incf	((??_main+0)+0+1),f
   507  07B0  0BF2               	decfsz	((??_main+0)+0+2),f
   508  07B1  2FA5               	goto	u2230
   509                           	line	19
   510                           	
   511  07B2                     l1796:	
   512                           ;MULTIPLE NO DISP HALF AND HALF.c: 19: TRISD= 0x00;
   513  07B2  1683               	bsf	status, 5	;RP0=1, select bank1
   514  07B3  1303               	bcf	status, 6	;RP1=0, select bank1
   515  07B4  0188               	clrf	(136)^080h	;volatile
   516                           	line	20
   517                           	
   518  07B5                     l1798:	
   519                           ;MULTIPLE NO DISP HALF AND HALF.c: 20: for(i=0; i<=4; i++)
   520  07B5  3000               	movlw	low(0)
   521  07B6  1283               	bcf	status, 5	;RP0=0, select bank0
   522  07B7  1303               	bcf	status, 6	;RP1=0, select bank0
   523  07B8  00B4               	movwf	(main@i)
   524  07B9  3000               	movlw	high(0)
   525  07BA  00B5               	movwf	((main@i))+1
   526                           	
   527  07BB                     l1800:	
   528  07BB  0835               	movf	(main@i+1),w
   529  07BC  3A80               	xorlw	80h
   530  07BD  00FE               	movwf	btemp+0
   531  07BE  3080               	movlw	(high(05h))^80h
   532  07BF  027E               	subwf	btemp+0,w
   533  07C0  1D03               	skipz
   534  07C1  2FC4               	goto	u2245
   535  07C2  3005               	movlw	low(05h)
   536  07C3  0234               	subwf	(main@i),w
   537  07C4                     u2245:
   538                           
   539  07C4  1C03               	skipc
   540  07C5  2FC7               	goto	u2241
   541  07C6  2FC8               	goto	u2240
   542  07C7                     u2241:
   543  07C7  2FC9               	goto	l567
   544  07C8                     u2240:
   545                           	
   546  07C8                     l1802:	
   547  07C8  2FFD               	goto	l568
   548                           	line	21
   549                           	
   550  07C9                     l567:	
   551                           	line	22
   552                           	
   553  07C9                     l1804:	
   554                           ;MULTIPLE NO DISP HALF AND HALF.c: 21: {
   555                           ;MULTIPLE NO DISP HALF AND HALF.c: 22: PORTD= B[i];
   556  07C9  1283               	bcf	status, 5	;RP0=0, select bank0
   557  07CA  1303               	bcf	status, 6	;RP1=0, select bank0
   558  07CB  0834               	movf	(main@i),w
   559  07CC  00F0               	movwf	(??_main+0)+0
   560  07CD  0770               	addwf	(??_main+0)+0,w
   561  07CE  3E2A               	addlw	main@B&0ffh
   562  07CF  0084               	movwf	fsr0
   563  07D0  1383               	bcf	status, 7	;select IRP bank0
   564  07D1  0800               	movf	indf,w
   565  07D2  0088               	movwf	(8)	;volatile
   566                           	line	23
   567                           	
   568  07D3                     l1806:	
   569                           ;MULTIPLE NO DISP HALF AND HALF.c: 23: _delay((unsigned long)((10)*(4000000/4000.0)));
   570                           	opt asmopt_off
   571  07D3  300D               movlw	13
   572  07D4  00F1               movwf	((??_main+0)+0+1),f
   573  07D5  30FB               	movlw	251
   574  07D6  00F0               movwf	((??_main+0)+0),f
   575  07D7                     u2287:
   576  07D7  0BF0               	decfsz	((??_main+0)+0),f
   577  07D8  2FD7               	goto	u2287
   578  07D9  0BF1               	decfsz	((??_main+0)+0+1),f
   579  07DA  2FD7               	goto	u2287
   580  07DB  2FDC               	nop2
   581                           opt asmopt_on
   582                           
   583                           	line	24
   584                           	
   585  07DC                     l1808:	
   586                           ;MULTIPLE NO DISP HALF AND HALF.c: 24: PORTD= 0x00;
   587  07DC  1283               	bcf	status, 5	;RP0=0, select bank0
   588  07DD  1303               	bcf	status, 6	;RP1=0, select bank0
   589  07DE  0188               	clrf	(8)	;volatile
   590                           	line	25
   591                           	
   592  07DF                     l1810:	
   593                           ;MULTIPLE NO DISP HALF AND HALF.c: 25: _delay((unsigned long)((10)*(4000000/4000.0)));
   594                           	opt asmopt_off
   595  07DF  300D               movlw	13
   596  07E0  00F1               movwf	((??_main+0)+0+1),f
   597  07E1  30FB               	movlw	251
   598  07E2  00F0               movwf	((??_main+0)+0),f
   599  07E3                     u2297:
   600  07E3  0BF0               	decfsz	((??_main+0)+0),f
   601  07E4  2FE3               	goto	u2297
   602  07E5  0BF1               	decfsz	((??_main+0)+0+1),f
   603  07E6  2FE3               	goto	u2297
   604  07E7  2FE8               	nop2
   605                           opt asmopt_on
   606                           
   607                           	line	20
   608                           	
   609  07E8                     l1812:	
   610  07E8  3001               	movlw	low(01h)
   611  07E9  1283               	bcf	status, 5	;RP0=0, select bank0
   612  07EA  1303               	bcf	status, 6	;RP1=0, select bank0
   613  07EB  07B4               	addwf	(main@i),f
   614  07EC  1803               	skipnc
   615  07ED  0AB5               	incf	(main@i+1),f
   616  07EE  3000               	movlw	high(01h)
   617  07EF  07B5               	addwf	(main@i+1),f
   618                           	
   619  07F0                     l1814:	
   620  07F0  0835               	movf	(main@i+1),w
   621  07F1  3A80               	xorlw	80h
   622  07F2  00FE               	movwf	btemp+0
   623  07F3  3080               	movlw	(high(05h))^80h
   624  07F4  027E               	subwf	btemp+0,w
   625  07F5  1D03               	skipz
   626  07F6  2FF9               	goto	u2255
   627  07F7  3005               	movlw	low(05h)
   628  07F8  0234               	subwf	(main@i),w
   629  07F9                     u2255:
   630                           
   631  07F9  1C03               	skipc
   632  07FA  2FFC               	goto	u2251
   633  07FB  2FFD               	goto	u2250
   634  07FC                     u2251:
   635  07FC  2FC9               	goto	l567
   636  07FD                     u2250:
   637                           	
   638  07FD                     l568:	
   639                           	line	27
   640                           	
   641  07FD                     l569:	
   642                           	global	start
   643  07FD  120A  118A  2800   	ljmp	start
   644                           	opt stack 0
   645                           GLOBAL	__end_of_main
   646  0800                     	__end_of_main:
   647 ;; =============== function _main ends ============
   648                           
   649                           	signat	_main,88
   650                           psect	maintext
   651                           	global	btemp
   652  007E                     	btemp set 07Eh
   653                           
   654                           	DABS	1,126,2	;btemp
   655                           	global	wtemp0
   656  007E                     	wtemp0 set btemp


HI-TECH Software PICC Macro Assembler V9.71a build 6446 
Symbol Table                                                                                   Tue Jan 03 18:40:02 2023

                   pc 0002                    fsr 0004                   l563 0769                   l564 079D  
                 l567 07C9                   l568 07FD                   l569 07FD                   fsr0 0004  
                 indf 0000                  l1800 07BB                  l1810 07DF                  l1802 07C8  
                l1812 07E8                  l1804 07C9                  l1814 07F0                  l1806 07D3  
                l1808 07DC                  l1770 0737                  l1780 0768                  l1772 073D  
                l1790 0788                  l1782 0769                  l1774 0752                  l1792 0790  
                l1784 0773                  l1776 0755                  l1794 079D                  l1786 077C  
                l1778 075B                  l1796 07B2                  l1788 077F                  l1798 07B5  
                u2200 0745                  u2210 0768                  u2211 0767                  u2220 079D  
                u2221 079C                  u2230 07A5                  u2215 0764                  u2240 07C8  
                u2241 07C7                  u2225 0799                  u2250 07FD                  u2251 07FC  
                u2245 07C4                  u2255 07F9                  u2267 0777                  u2277 0783  
                u2287 07D7                  u2297 07E3                  _main 0737                  btemp 007E  
                start 0000                 ?_main 0070                 _PORTC 0007                 _PORTD 0008  
               _TRISC 0087                 _TRISD 0088                 main@A 0020                 main@B 002A  
               main@i 0034                 pclath 000A                 status 0003                 wtemp0 007E  
        __end_of_main 0800                ??_main 0070        __pcstackCOMMON 0070          __pidataBANK0 0723  
          __pmaintext 0737  end_of_initialization 071F               init_ram 0704   start_initialization 0711  
         __pdataBANK0 0036         __pcstackBANK0 0020             init_fetch 0700         __size_of_main 00C9  
            main@F513 0036              main@F517 0040  
